[2024-10-01T16:20:46.560+0000] {processor.py:157} INFO - Started process (PID=608) to work on /opt/airflow/dags/data_fetching_huber_dag copy.py
[2024-10-01T16:20:46.562+0000] {processor.py:829} INFO - Processing file /opt/airflow/dags/data_fetching_huber_dag copy.py for tasks to queue
[2024-10-01T16:20:46.567+0000] {logging_mixin.py:151} INFO - [2024-10-01T16:20:46.566+0000] {dagbag.py:539} INFO - Filling up the DagBag from /opt/airflow/dags/data_fetching_huber_dag copy.py
[2024-10-01T16:20:47.370+0000] {processor.py:839} INFO - DAG(s) dict_keys(['sitemap_processing_pipeline']) retrieved from /opt/airflow/dags/data_fetching_huber_dag copy.py
[2024-10-01T16:20:47.484+0000] {logging_mixin.py:151} INFO - [2024-10-01T16:20:47.483+0000] {security.py:708} INFO - Not syncing DAG-level permissions for DAG 'DAG:sitemap_processing_pipeline' as access control is unset.
[2024-10-01T16:20:47.486+0000] {logging_mixin.py:151} INFO - [2024-10-01T16:20:47.485+0000] {dag.py:2915} INFO - Sync 1 DAGs
[2024-10-01T16:20:47.515+0000] {logging_mixin.py:151} INFO - [2024-10-01T16:20:47.514+0000] {dag.py:3696} INFO - Setting next_dagrun for sitemap_processing_pipeline to 2024-10-01T00:00:00+00:00, run_after=2024-11-01T00:00:00+00:00
[2024-10-01T16:20:47.549+0000] {processor.py:179} INFO - Processing /opt/airflow/dags/data_fetching_huber_dag copy.py took 0.995 seconds
[2024-10-01T16:21:18.233+0000] {processor.py:157} INFO - Started process (PID=666) to work on /opt/airflow/dags/data_fetching_huber_dag copy.py
[2024-10-01T16:21:18.235+0000] {processor.py:829} INFO - Processing file /opt/airflow/dags/data_fetching_huber_dag copy.py for tasks to queue
[2024-10-01T16:21:18.238+0000] {logging_mixin.py:151} INFO - [2024-10-01T16:21:18.237+0000] {dagbag.py:539} INFO - Filling up the DagBag from /opt/airflow/dags/data_fetching_huber_dag copy.py
[2024-10-01T16:21:18.887+0000] {processor.py:839} INFO - DAG(s) dict_keys(['sitemap_processing_pipeline']) retrieved from /opt/airflow/dags/data_fetching_huber_dag copy.py
[2024-10-01T16:21:18.910+0000] {logging_mixin.py:151} INFO - [2024-10-01T16:21:18.909+0000] {dag.py:2915} INFO - Sync 1 DAGs
[2024-10-01T16:21:18.945+0000] {logging_mixin.py:151} INFO - [2024-10-01T16:21:18.945+0000] {dag.py:3696} INFO - Setting next_dagrun for sitemap_processing_pipeline to 2024-10-01T00:00:00+00:00, run_after=2024-11-01T00:00:00+00:00
[2024-10-01T16:21:18.968+0000] {processor.py:179} INFO - Processing /opt/airflow/dags/data_fetching_huber_dag copy.py took 0.740 seconds
[2024-10-01T16:21:49.056+0000] {processor.py:157} INFO - Started process (PID=732) to work on /opt/airflow/dags/data_fetching_huber_dag copy.py
[2024-10-01T16:21:49.057+0000] {processor.py:829} INFO - Processing file /opt/airflow/dags/data_fetching_huber_dag copy.py for tasks to queue
[2024-10-01T16:21:49.060+0000] {logging_mixin.py:151} INFO - [2024-10-01T16:21:49.060+0000] {dagbag.py:539} INFO - Filling up the DagBag from /opt/airflow/dags/data_fetching_huber_dag copy.py
[2024-10-01T16:21:50.013+0000] {processor.py:839} INFO - DAG(s) dict_keys(['sitemap_processing_pipeline']) retrieved from /opt/airflow/dags/data_fetching_huber_dag copy.py
[2024-10-01T16:21:50.040+0000] {logging_mixin.py:151} INFO - [2024-10-01T16:21:50.039+0000] {dag.py:2915} INFO - Sync 1 DAGs
[2024-10-01T16:21:50.069+0000] {logging_mixin.py:151} INFO - [2024-10-01T16:21:50.069+0000] {dag.py:3696} INFO - Setting next_dagrun for sitemap_processing_pipeline to 2024-10-01T00:00:00+00:00, run_after=2024-11-01T00:00:00+00:00
[2024-10-01T16:21:50.095+0000] {processor.py:179} INFO - Processing /opt/airflow/dags/data_fetching_huber_dag copy.py took 1.043 seconds
[2024-10-01T16:23:18.549+0000] {processor.py:157} INFO - Started process (PID=62) to work on /opt/airflow/dags/data_fetching_huber_dag copy.py
[2024-10-01T16:23:18.560+0000] {processor.py:829} INFO - Processing file /opt/airflow/dags/data_fetching_huber_dag copy.py for tasks to queue
[2024-10-01T16:23:18.577+0000] {logging_mixin.py:151} INFO - [2024-10-01T16:23:18.576+0000] {dagbag.py:539} INFO - Filling up the DagBag from /opt/airflow/dags/data_fetching_huber_dag copy.py
[2024-10-01T16:23:20.627+0000] {processor.py:839} INFO - DAG(s) dict_keys(['sitemap_processing_pipeline']) retrieved from /opt/airflow/dags/data_fetching_huber_dag copy.py
[2024-10-01T16:23:21.866+0000] {logging_mixin.py:151} INFO - [2024-10-01T16:23:21.865+0000] {security.py:708} INFO - Not syncing DAG-level permissions for DAG 'DAG:sitemap_processing_pipeline' as access control is unset.
[2024-10-01T16:23:21.868+0000] {logging_mixin.py:151} INFO - [2024-10-01T16:23:21.866+0000] {dag.py:2915} INFO - Sync 1 DAGs
[2024-10-01T16:23:21.917+0000] {logging_mixin.py:151} INFO - [2024-10-01T16:23:21.917+0000] {dag.py:3696} INFO - Setting next_dagrun for sitemap_processing_pipeline to 2024-10-01T00:00:00+00:00, run_after=2024-11-01T00:00:00+00:00
[2024-10-01T16:23:21.955+0000] {processor.py:179} INFO - Processing /opt/airflow/dags/data_fetching_huber_dag copy.py took 3.427 seconds
[2024-10-01T16:23:52.478+0000] {processor.py:157} INFO - Started process (PID=127) to work on /opt/airflow/dags/data_fetching_huber_dag copy.py
[2024-10-01T16:23:52.484+0000] {processor.py:829} INFO - Processing file /opt/airflow/dags/data_fetching_huber_dag copy.py for tasks to queue
[2024-10-01T16:23:52.490+0000] {logging_mixin.py:151} INFO - [2024-10-01T16:23:52.489+0000] {dagbag.py:539} INFO - Filling up the DagBag from /opt/airflow/dags/data_fetching_huber_dag copy.py
[2024-10-01T16:23:55.013+0000] {processor.py:839} INFO - DAG(s) dict_keys(['sitemap_processing_pipeline']) retrieved from /opt/airflow/dags/data_fetching_huber_dag copy.py
[2024-10-01T16:23:55.164+0000] {logging_mixin.py:151} INFO - [2024-10-01T16:23:55.163+0000] {dag.py:2915} INFO - Sync 1 DAGs
[2024-10-01T16:23:55.295+0000] {logging_mixin.py:151} INFO - [2024-10-01T16:23:55.294+0000] {dag.py:3696} INFO - Setting next_dagrun for sitemap_processing_pipeline to 2024-10-01T00:00:00+00:00, run_after=2024-11-01T00:00:00+00:00
[2024-10-01T16:23:55.354+0000] {processor.py:179} INFO - Processing /opt/airflow/dags/data_fetching_huber_dag copy.py took 2.887 seconds
[2024-10-01T16:24:26.327+0000] {processor.py:157} INFO - Started process (PID=189) to work on /opt/airflow/dags/data_fetching_huber_dag copy.py
[2024-10-01T16:24:26.329+0000] {processor.py:829} INFO - Processing file /opt/airflow/dags/data_fetching_huber_dag copy.py for tasks to queue
[2024-10-01T16:24:26.333+0000] {logging_mixin.py:151} INFO - [2024-10-01T16:24:26.333+0000] {dagbag.py:539} INFO - Filling up the DagBag from /opt/airflow/dags/data_fetching_huber_dag copy.py
[2024-10-01T16:24:26.859+0000] {processor.py:839} INFO - DAG(s) dict_keys(['sitemap_processing_pipeline']) retrieved from /opt/airflow/dags/data_fetching_huber_dag copy.py
[2024-10-01T16:24:26.891+0000] {logging_mixin.py:151} INFO - [2024-10-01T16:24:26.890+0000] {dag.py:2915} INFO - Sync 1 DAGs
[2024-10-01T16:24:27.084+0000] {logging_mixin.py:151} INFO - [2024-10-01T16:24:27.084+0000] {dag.py:3696} INFO - Setting next_dagrun for sitemap_processing_pipeline to 2024-10-01T00:00:00+00:00, run_after=2024-11-01T00:00:00+00:00
[2024-10-01T16:24:27.108+0000] {processor.py:179} INFO - Processing /opt/airflow/dags/data_fetching_huber_dag copy.py took 0.788 seconds
[2024-10-01T16:24:57.794+0000] {processor.py:157} INFO - Started process (PID=247) to work on /opt/airflow/dags/data_fetching_huber_dag copy.py
[2024-10-01T16:24:57.797+0000] {processor.py:829} INFO - Processing file /opt/airflow/dags/data_fetching_huber_dag copy.py for tasks to queue
[2024-10-01T16:24:57.801+0000] {logging_mixin.py:151} INFO - [2024-10-01T16:24:57.800+0000] {dagbag.py:539} INFO - Filling up the DagBag from /opt/airflow/dags/data_fetching_huber_dag copy.py
[2024-10-01T16:24:58.572+0000] {processor.py:839} INFO - DAG(s) dict_keys(['sitemap_processing_pipeline']) retrieved from /opt/airflow/dags/data_fetching_huber_dag copy.py
[2024-10-01T16:24:58.596+0000] {logging_mixin.py:151} INFO - [2024-10-01T16:24:58.595+0000] {dag.py:2915} INFO - Sync 1 DAGs
[2024-10-01T16:24:58.621+0000] {logging_mixin.py:151} INFO - [2024-10-01T16:24:58.621+0000] {dag.py:3696} INFO - Setting next_dagrun for sitemap_processing_pipeline to 2024-10-01T00:00:00+00:00, run_after=2024-11-01T00:00:00+00:00
[2024-10-01T16:24:58.644+0000] {processor.py:179} INFO - Processing /opt/airflow/dags/data_fetching_huber_dag copy.py took 0.857 seconds
[2024-10-01T16:25:28.704+0000] {processor.py:157} INFO - Started process (PID=305) to work on /opt/airflow/dags/data_fetching_huber_dag copy.py
[2024-10-01T16:25:28.706+0000] {processor.py:829} INFO - Processing file /opt/airflow/dags/data_fetching_huber_dag copy.py for tasks to queue
[2024-10-01T16:25:28.709+0000] {logging_mixin.py:151} INFO - [2024-10-01T16:25:28.709+0000] {dagbag.py:539} INFO - Filling up the DagBag from /opt/airflow/dags/data_fetching_huber_dag copy.py
[2024-10-01T16:25:29.412+0000] {processor.py:839} INFO - DAG(s) dict_keys(['sitemap_processing_pipeline']) retrieved from /opt/airflow/dags/data_fetching_huber_dag copy.py
[2024-10-01T16:25:29.432+0000] {logging_mixin.py:151} INFO - [2024-10-01T16:25:29.431+0000] {dag.py:2915} INFO - Sync 1 DAGs
[2024-10-01T16:25:29.458+0000] {logging_mixin.py:151} INFO - [2024-10-01T16:25:29.458+0000] {dag.py:3696} INFO - Setting next_dagrun for sitemap_processing_pipeline to 2024-10-01T00:00:00+00:00, run_after=2024-11-01T00:00:00+00:00
[2024-10-01T16:25:29.484+0000] {processor.py:179} INFO - Processing /opt/airflow/dags/data_fetching_huber_dag copy.py took 0.785 seconds
[2024-10-01T16:25:59.865+0000] {processor.py:157} INFO - Started process (PID=363) to work on /opt/airflow/dags/data_fetching_huber_dag copy.py
[2024-10-01T16:25:59.866+0000] {processor.py:829} INFO - Processing file /opt/airflow/dags/data_fetching_huber_dag copy.py for tasks to queue
[2024-10-01T16:25:59.871+0000] {logging_mixin.py:151} INFO - [2024-10-01T16:25:59.871+0000] {dagbag.py:539} INFO - Filling up the DagBag from /opt/airflow/dags/data_fetching_huber_dag copy.py
[2024-10-01T16:26:00.741+0000] {processor.py:839} INFO - DAG(s) dict_keys(['sitemap_processing_pipeline']) retrieved from /opt/airflow/dags/data_fetching_huber_dag copy.py
[2024-10-01T16:26:00.781+0000] {logging_mixin.py:151} INFO - [2024-10-01T16:26:00.781+0000] {dag.py:2915} INFO - Sync 1 DAGs
[2024-10-01T16:26:00.827+0000] {logging_mixin.py:151} INFO - [2024-10-01T16:26:00.827+0000] {dag.py:3696} INFO - Setting next_dagrun for sitemap_processing_pipeline to 2024-10-01T00:00:00+00:00, run_after=2024-11-01T00:00:00+00:00
[2024-10-01T16:26:00.852+0000] {processor.py:179} INFO - Processing /opt/airflow/dags/data_fetching_huber_dag copy.py took 0.994 seconds
[2024-10-01T16:26:31.320+0000] {processor.py:157} INFO - Started process (PID=421) to work on /opt/airflow/dags/data_fetching_huber_dag copy.py
[2024-10-01T16:26:31.323+0000] {processor.py:829} INFO - Processing file /opt/airflow/dags/data_fetching_huber_dag copy.py for tasks to queue
[2024-10-01T16:26:31.327+0000] {logging_mixin.py:151} INFO - [2024-10-01T16:26:31.327+0000] {dagbag.py:539} INFO - Filling up the DagBag from /opt/airflow/dags/data_fetching_huber_dag copy.py
[2024-10-01T16:26:32.308+0000] {processor.py:839} INFO - DAG(s) dict_keys(['sitemap_processing_pipeline']) retrieved from /opt/airflow/dags/data_fetching_huber_dag copy.py
[2024-10-01T16:26:32.377+0000] {logging_mixin.py:151} INFO - [2024-10-01T16:26:32.376+0000] {dag.py:2915} INFO - Sync 1 DAGs
[2024-10-01T16:26:32.463+0000] {logging_mixin.py:151} INFO - [2024-10-01T16:26:32.463+0000] {dag.py:3696} INFO - Setting next_dagrun for sitemap_processing_pipeline to 2024-10-01T00:00:00+00:00, run_after=2024-11-01T00:00:00+00:00
[2024-10-01T16:26:32.503+0000] {processor.py:179} INFO - Processing /opt/airflow/dags/data_fetching_huber_dag copy.py took 1.188 seconds
[2024-10-01T16:27:02.958+0000] {processor.py:157} INFO - Started process (PID=479) to work on /opt/airflow/dags/data_fetching_huber_dag copy.py
[2024-10-01T16:27:02.959+0000] {processor.py:829} INFO - Processing file /opt/airflow/dags/data_fetching_huber_dag copy.py for tasks to queue
[2024-10-01T16:27:02.962+0000] {logging_mixin.py:151} INFO - [2024-10-01T16:27:02.962+0000] {dagbag.py:539} INFO - Filling up the DagBag from /opt/airflow/dags/data_fetching_huber_dag copy.py
[2024-10-01T16:27:03.776+0000] {processor.py:839} INFO - DAG(s) dict_keys(['sitemap_processing_pipeline']) retrieved from /opt/airflow/dags/data_fetching_huber_dag copy.py
[2024-10-01T16:27:03.805+0000] {logging_mixin.py:151} INFO - [2024-10-01T16:27:03.805+0000] {dag.py:2915} INFO - Sync 1 DAGs
[2024-10-01T16:27:03.832+0000] {logging_mixin.py:151} INFO - [2024-10-01T16:27:03.832+0000] {dag.py:3696} INFO - Setting next_dagrun for sitemap_processing_pipeline to 2024-10-01T00:00:00+00:00, run_after=2024-11-01T00:00:00+00:00
[2024-10-01T16:27:03.865+0000] {processor.py:179} INFO - Processing /opt/airflow/dags/data_fetching_huber_dag copy.py took 0.911 seconds
[2024-10-01T16:27:34.013+0000] {processor.py:157} INFO - Started process (PID=537) to work on /opt/airflow/dags/data_fetching_huber_dag copy.py
[2024-10-01T16:27:34.016+0000] {processor.py:829} INFO - Processing file /opt/airflow/dags/data_fetching_huber_dag copy.py for tasks to queue
[2024-10-01T16:27:34.019+0000] {logging_mixin.py:151} INFO - [2024-10-01T16:27:34.019+0000] {dagbag.py:539} INFO - Filling up the DagBag from /opt/airflow/dags/data_fetching_huber_dag copy.py
[2024-10-01T16:27:34.505+0000] {processor.py:839} INFO - DAG(s) dict_keys(['sitemap_processing_pipeline']) retrieved from /opt/airflow/dags/data_fetching_huber_dag copy.py
[2024-10-01T16:27:34.534+0000] {logging_mixin.py:151} INFO - [2024-10-01T16:27:34.533+0000] {dag.py:2915} INFO - Sync 1 DAGs
[2024-10-01T16:27:34.569+0000] {logging_mixin.py:151} INFO - [2024-10-01T16:27:34.569+0000] {dag.py:3696} INFO - Setting next_dagrun for sitemap_processing_pipeline to 2024-10-01T00:00:00+00:00, run_after=2024-11-01T00:00:00+00:00
[2024-10-01T16:27:34.595+0000] {processor.py:179} INFO - Processing /opt/airflow/dags/data_fetching_huber_dag copy.py took 0.587 seconds
[2024-10-01T16:28:05.063+0000] {processor.py:157} INFO - Started process (PID=595) to work on /opt/airflow/dags/data_fetching_huber_dag copy.py
[2024-10-01T16:28:05.065+0000] {processor.py:829} INFO - Processing file /opt/airflow/dags/data_fetching_huber_dag copy.py for tasks to queue
[2024-10-01T16:28:05.068+0000] {logging_mixin.py:151} INFO - [2024-10-01T16:28:05.068+0000] {dagbag.py:539} INFO - Filling up the DagBag from /opt/airflow/dags/data_fetching_huber_dag copy.py
[2024-10-01T16:28:05.766+0000] {processor.py:839} INFO - DAG(s) dict_keys(['sitemap_processing_pipeline']) retrieved from /opt/airflow/dags/data_fetching_huber_dag copy.py
[2024-10-01T16:28:05.794+0000] {logging_mixin.py:151} INFO - [2024-10-01T16:28:05.794+0000] {dag.py:2915} INFO - Sync 1 DAGs
[2024-10-01T16:28:05.823+0000] {logging_mixin.py:151} INFO - [2024-10-01T16:28:05.822+0000] {dag.py:3696} INFO - Setting next_dagrun for sitemap_processing_pipeline to 2024-10-01T00:00:00+00:00, run_after=2024-11-01T00:00:00+00:00
[2024-10-01T16:28:05.846+0000] {processor.py:179} INFO - Processing /opt/airflow/dags/data_fetching_huber_dag copy.py took 0.789 seconds
