[2024-10-01T19:05:53.997+0000] {taskinstance.py:1157} INFO - Dependencies all met for dep_context=non-requeueable deps ti=<TaskInstance: sitemap_processing_pipeline.compare_and_trigger manual__2024-10-01T19:05:40.171312+00:00 [queued]>
[2024-10-01T19:05:54.008+0000] {taskinstance.py:1157} INFO - Dependencies all met for dep_context=requeueable deps ti=<TaskInstance: sitemap_processing_pipeline.compare_and_trigger manual__2024-10-01T19:05:40.171312+00:00 [queued]>
[2024-10-01T19:05:54.008+0000] {taskinstance.py:1359} INFO - Starting attempt 1 of 2
[2024-10-01T19:05:54.023+0000] {taskinstance.py:1380} INFO - Executing <Task(PythonOperator): compare_and_trigger> on 2024-10-01 19:05:40.171312+00:00
[2024-10-01T19:05:54.031+0000] {standard_task_runner.py:57} INFO - Started process 151 to run task
[2024-10-01T19:05:54.035+0000] {standard_task_runner.py:84} INFO - Running: ['***', 'tasks', 'run', 'sitemap_processing_pipeline', 'compare_and_trigger', 'manual__2024-10-01T19:05:40.171312+00:00', '--job-id', '119', '--raw', '--subdir', 'DAGS_FOLDER/dag_data_acquisition.py', '--cfg-path', '/tmp/tmp1654r4zq']
[2024-10-01T19:05:54.037+0000] {standard_task_runner.py:85} INFO - Job 119: Subtask compare_and_trigger
[2024-10-01T19:05:54.094+0000] {task_command.py:415} INFO - Running <TaskInstance: sitemap_processing_pipeline.compare_and_trigger manual__2024-10-01T19:05:40.171312+00:00 [running]> on host f6937622df26
[2024-10-01T19:05:54.185+0000] {taskinstance.py:1660} INFO - Exporting env vars: AIRFLOW_CTX_DAG_OWNER='***' AIRFLOW_CTX_DAG_ID='sitemap_processing_pipeline' AIRFLOW_CTX_TASK_ID='compare_and_trigger' AIRFLOW_CTX_EXECUTION_DATE='2024-10-01T19:05:40.171312+00:00' AIRFLOW_CTX_TRY_NUMBER='1' AIRFLOW_CTX_DAG_RUN_ID='manual__2024-10-01T19:05:40.171312+00:00'
[2024-10-01T19:05:54.195+0000] {base.py:73} INFO - Using connection ID 'aws_default' for task execution.
[2024-10-01T19:05:54.196+0000] {connection_wrapper.py:340} INFO - AWS Connection (conn_id='aws_default', conn_type='aws') credentials retrieved from login and password.
[2024-10-01T19:05:55.139+0000] {logging_mixin.py:151} INFO - Trigger file created: triggerfile_2024_10.json
[2024-10-01T19:05:55.139+0000] {dag_data_acquisition.py:283} INFO - Changes detected:
Removed: 1 items
Modified: 1 items
Added: 999 items
[2024-10-01T19:05:55.439+0000] {dag_data_acquisition.py:256} INFO - Telegram message sent successfully
[2024-10-01T19:05:55.443+0000] {python.py:194} INFO - Done. Returned value was: None
[2024-10-01T19:05:55.457+0000] {taskinstance.py:1398} INFO - Marking task as SUCCESS. dag_id=sitemap_processing_pipeline, task_id=compare_and_trigger, execution_date=20241001T190540, start_date=20241001T190553, end_date=20241001T190555
[2024-10-01T19:05:55.528+0000] {local_task_job_runner.py:228} INFO - Task exited with return code 0
[2024-10-01T19:05:55.573+0000] {taskinstance.py:2776} INFO - 0 downstream tasks scheduled from follow-on schedule check
