[2024-10-01T20:08:58.835+0000] {taskinstance.py:1157} INFO - Dependencies all met for dep_context=non-requeueable deps ti=<TaskInstance: sitemap_retrieval_and_enrichment.enrich_data manual__2024-10-01T20:08:32.623922+00:00 [queued]>
[2024-10-01T20:08:58.865+0000] {taskinstance.py:1157} INFO - Dependencies all met for dep_context=requeueable deps ti=<TaskInstance: sitemap_retrieval_and_enrichment.enrich_data manual__2024-10-01T20:08:32.623922+00:00 [queued]>
[2024-10-01T20:08:58.866+0000] {taskinstance.py:1359} INFO - Starting attempt 1 of 2
[2024-10-01T20:08:58.899+0000] {taskinstance.py:1380} INFO - Executing <Task(PythonOperator): enrich_data> on 2024-10-01 20:08:32.623922+00:00
[2024-10-01T20:08:58.916+0000] {standard_task_runner.py:57} INFO - Started process 96 to run task
[2024-10-01T20:08:58.927+0000] {standard_task_runner.py:84} INFO - Running: ['***', 'tasks', 'run', 'sitemap_retrieval_and_enrichment', 'enrich_data', 'manual__2024-10-01T20:08:32.623922+00:00', '--job-id', '129', '--raw', '--subdir', 'DAGS_FOLDER/initial_data_upload.py', '--cfg-path', '/tmp/tmpbw93goge']
[2024-10-01T20:08:58.930+0000] {standard_task_runner.py:85} INFO - Job 129: Subtask enrich_data
[2024-10-01T20:08:59.029+0000] {task_command.py:415} INFO - Running <TaskInstance: sitemap_retrieval_and_enrichment.enrich_data manual__2024-10-01T20:08:32.623922+00:00 [running]> on host f6937622df26
[2024-10-01T20:08:59.241+0000] {taskinstance.py:1660} INFO - Exporting env vars: AIRFLOW_CTX_DAG_OWNER='***' AIRFLOW_CTX_DAG_ID='sitemap_retrieval_and_enrichment' AIRFLOW_CTX_TASK_ID='enrich_data' AIRFLOW_CTX_EXECUTION_DATE='2024-10-01T20:08:32.623922+00:00' AIRFLOW_CTX_TRY_NUMBER='1' AIRFLOW_CTX_DAG_RUN_ID='manual__2024-10-01T20:08:32.623922+00:00'
[2024-10-01T20:08:59.345+0000] {web_utils.py:19} INFO - Processing URL 1/5: https://www.wiwi.hu-berlin.de/en/Professorships/vwl/microeconomics/people/wlefez
[2024-10-01T20:08:59.619+0000] {web_utils.py:19} INFO - Processing URL 2/5: https://www.wiwi.hu-berlin.de/en/international-office-1/our-team
[2024-10-01T20:08:59.850+0000] {web_utils.py:19} INFO - Processing URL 3/5: https://www.wiwi.hu-berlin.de/en/Professorships/bwl/wi/lehre/introduction-to-python-programming-for-machine-learning-ai-1
[2024-10-01T20:09:00.104+0000] {web_utils.py:19} INFO - Processing URL 4/5: https://www.wiwi.hu-berlin.de/en/Professorships/vwl/statistik/news/junior-professorship-in-applied-statistics-and-data-science
[2024-10-01T20:09:00.369+0000] {web_utils.py:19} INFO - Processing URL 5/5: https://www.wiwi.hu-berlin.de/en/Professorships/vwl/statistik/news/paper-navigating-the-corporate-disclosure-gap-modelling-of-missing-not-at-random-carbon-data-by-olesiewicz-kooroshy-and-greven-will-appear-in-the-journal-of-impact-esg-investing
[2024-10-01T20:09:00.795+0000] {initial_data_upload.py:94} INFO -                                                  url  ...                                  extracted_content
0  https://www.wiwi.hu-berlin.de/en/Professorship...  ...  Willy Lefez Ph.D. Willy Lefez Ph.D. Room: 215 ...
1  https://www.wiwi.hu-berlin.de/en/international...  ...  Our Team Dr. Anja Schwerk Head of Study and In...
2  https://www.wiwi.hu-berlin.de/en/Professorship...  ...  Introduction to Python Programming for Machine...
3  https://www.wiwi.hu-berlin.de/en/Professorship...  ...  Junior Professorship in "Applied Statistics an...
4  https://www.wiwi.hu-berlin.de/en/Professorship...  ...  Paper "Navigating the corporate disclosure gap...

[5 rows x 3 columns]
[2024-10-01T20:09:00.854+0000] {initial_data_upload.py:100} INFO - Enriched data saved to: /opt/***/dags/enriched/enriched_data_20241001.csv
[2024-10-01T20:09:00.855+0000] {python.py:194} INFO - Done. Returned value was: None
[2024-10-01T20:09:00.868+0000] {taskinstance.py:1398} INFO - Marking task as SUCCESS. dag_id=sitemap_retrieval_and_enrichment, task_id=enrich_data, execution_date=20241001T200832, start_date=20241001T200858, end_date=20241001T200900
[2024-10-01T20:09:00.914+0000] {local_task_job_runner.py:228} INFO - Task exited with return code 0
[2024-10-01T20:09:00.936+0000] {taskinstance.py:2776} INFO - 0 downstream tasks scheduled from follow-on schedule check
