[2024-10-01T19:03:35.766+0000] {taskinstance.py:1157} INFO - Dependencies all met for dep_context=non-requeueable deps ti=<TaskInstance: sitemap_processing_pipeline.compare_and_trigger manual__2024-10-01T19:01:39.512769+00:00 [queued]>
[2024-10-01T19:03:35.781+0000] {taskinstance.py:1157} INFO - Dependencies all met for dep_context=requeueable deps ti=<TaskInstance: sitemap_processing_pipeline.compare_and_trigger manual__2024-10-01T19:01:39.512769+00:00 [queued]>
[2024-10-01T19:03:35.782+0000] {taskinstance.py:1359} INFO - Starting attempt 1 of 2
[2024-10-01T19:03:35.800+0000] {taskinstance.py:1380} INFO - Executing <Task(PythonOperator): compare_and_trigger> on 2024-10-01 19:01:39.512769+00:00
[2024-10-01T19:03:35.810+0000] {standard_task_runner.py:57} INFO - Started process 107 to run task
[2024-10-01T19:03:35.816+0000] {standard_task_runner.py:84} INFO - Running: ['***', 'tasks', 'run', 'sitemap_processing_pipeline', 'compare_and_trigger', 'manual__2024-10-01T19:01:39.512769+00:00', '--job-id', '116', '--raw', '--subdir', 'DAGS_FOLDER/dag_data_acquisition.py', '--cfg-path', '/tmp/tmpnnk1gyo1']
[2024-10-01T19:03:35.818+0000] {standard_task_runner.py:85} INFO - Job 116: Subtask compare_and_trigger
[2024-10-01T19:03:35.881+0000] {task_command.py:415} INFO - Running <TaskInstance: sitemap_processing_pipeline.compare_and_trigger manual__2024-10-01T19:01:39.512769+00:00 [running]> on host f6937622df26
[2024-10-01T19:03:36.003+0000] {taskinstance.py:1660} INFO - Exporting env vars: AIRFLOW_CTX_DAG_OWNER='***' AIRFLOW_CTX_DAG_ID='sitemap_processing_pipeline' AIRFLOW_CTX_TASK_ID='compare_and_trigger' AIRFLOW_CTX_EXECUTION_DATE='2024-10-01T19:01:39.512769+00:00' AIRFLOW_CTX_TRY_NUMBER='1' AIRFLOW_CTX_DAG_RUN_ID='manual__2024-10-01T19:01:39.512769+00:00'
[2024-10-01T19:03:36.015+0000] {base.py:73} INFO - Using connection ID 'aws_default' for task execution.
[2024-10-01T19:03:36.016+0000] {connection_wrapper.py:340} INFO - AWS Connection (conn_id='aws_default', conn_type='aws') credentials retrieved from login and password.
[2024-10-01T19:03:41.600+0000] {logging_mixin.py:151} INFO - Trigger file created: triggerfile_2024_10.json
[2024-10-01T19:03:41.601+0000] {dag_data_acquisition.py:283} INFO - Changes detected:
Removed: 0 items
Modified: 0 items
Added: 0 items
[2024-10-01T19:03:43.218+0000] {dag_data_acquisition.py:256} INFO - Telegram message sent successfully
[2024-10-01T19:03:43.231+0000] {python.py:194} INFO - Done. Returned value was: None
[2024-10-01T19:03:43.285+0000] {taskinstance.py:1398} INFO - Marking task as SUCCESS. dag_id=sitemap_processing_pipeline, task_id=compare_and_trigger, execution_date=20241001T190139, start_date=20241001T190335, end_date=20241001T190343
[2024-10-01T19:03:43.568+0000] {local_task_job_runner.py:228} INFO - Task exited with return code 0
[2024-10-01T19:03:45.162+0000] {taskinstance.py:2776} INFO - 0 downstream tasks scheduled from follow-on schedule check
