[2024-10-01T18:50:03.583+0000] {taskinstance.py:1157} INFO - Dependencies all met for dep_context=non-requeueable deps ti=<TaskInstance: sitemap_version_comparison.compare_versions_and_create_trigger manual__2024-10-01T18:49:53.126351+00:00 [queued]>
[2024-10-01T18:50:03.601+0000] {taskinstance.py:1157} INFO - Dependencies all met for dep_context=requeueable deps ti=<TaskInstance: sitemap_version_comparison.compare_versions_and_create_trigger manual__2024-10-01T18:49:53.126351+00:00 [queued]>
[2024-10-01T18:50:03.602+0000] {taskinstance.py:1359} INFO - Starting attempt 1 of 2
[2024-10-01T18:50:03.626+0000] {taskinstance.py:1380} INFO - Executing <Task(PythonOperator): compare_versions_and_create_trigger> on 2024-10-01 18:49:53.126351+00:00
[2024-10-01T18:50:03.639+0000] {standard_task_runner.py:57} INFO - Started process 87 to run task
[2024-10-01T18:50:03.649+0000] {standard_task_runner.py:84} INFO - Running: ['***', 'tasks', 'run', 'sitemap_version_comparison', 'compare_versions_and_create_trigger', 'manual__2024-10-01T18:49:53.126351+00:00', '--job-id', '106', '--raw', '--subdir', 'DAGS_FOLDER/third_task.py', '--cfg-path', '/tmp/tmpt4ycabqu']
[2024-10-01T18:50:03.658+0000] {standard_task_runner.py:85} INFO - Job 106: Subtask compare_versions_and_create_trigger
[2024-10-01T18:50:03.739+0000] {task_command.py:415} INFO - Running <TaskInstance: sitemap_version_comparison.compare_versions_and_create_trigger manual__2024-10-01T18:49:53.126351+00:00 [running]> on host f6937622df26
[2024-10-01T18:50:03.878+0000] {taskinstance.py:1660} INFO - Exporting env vars: AIRFLOW_CTX_DAG_OWNER='***' AIRFLOW_CTX_DAG_ID='sitemap_version_comparison' AIRFLOW_CTX_TASK_ID='compare_versions_and_create_trigger' AIRFLOW_CTX_EXECUTION_DATE='2024-10-01T18:49:53.126351+00:00' AIRFLOW_CTX_TRY_NUMBER='1' AIRFLOW_CTX_DAG_RUN_ID='manual__2024-10-01T18:49:53.126351+00:00'
[2024-10-01T18:50:03.903+0000] {base.py:73} INFO - Using connection ID 'aws_default' for task execution.
[2024-10-01T18:50:03.906+0000] {connection_wrapper.py:340} INFO - AWS Connection (conn_id='aws_default', conn_type='aws') credentials retrieved from login and password.
[2024-10-01T18:50:14.650+0000] {logging_mixin.py:151} INFO - Trigger file created: triggerfile_2024_10.json
[2024-10-01T18:50:14.651+0000] {logging_mixin.py:151} INFO - Changes detected:
[2024-10-01T18:50:14.651+0000] {logging_mixin.py:151} INFO - Removed: 999 items
[2024-10-01T18:50:14.651+0000] {logging_mixin.py:151} INFO - Modified: 1 items
[2024-10-01T18:50:14.652+0000] {logging_mixin.py:151} INFO - Added: 1 items
[2024-10-01T18:50:14.655+0000] {python.py:194} INFO - Done. Returned value was: None
[2024-10-01T18:50:14.680+0000] {taskinstance.py:1398} INFO - Marking task as SUCCESS. dag_id=sitemap_version_comparison, task_id=compare_versions_and_create_trigger, execution_date=20241001T184953, start_date=20241001T185003, end_date=20241001T185014
[2024-10-01T18:50:14.719+0000] {local_task_job_runner.py:228} INFO - Task exited with return code 0
[2024-10-01T18:50:14.747+0000] {taskinstance.py:2776} INFO - 0 downstream tasks scheduled from follow-on schedule check
